 * Running on http://0.0.0.0:8081/ (Press CTRL+C to quit)
 * Restarting with stat
 * Debugger is active!
 * Debugger pin code: 998-040-054
 * Detected change in '/home/pi/daniel/servidorPI.py', reloading
 * Running on http://0.0.0.0:2019/ (Press CTRL+C to quit)
 * Restarting with stat
 * Debugger is active!
 * Debugger pin code: 998-040-054
172.16.19.50 - - [14/Dec/2018 10:27:11] "GET /Sensor HTTP/1.1" 200 -
 * Detected change in '/home/pi/daniel/perifericos.py', reloading
42.200
27.300
42.100
27.300
42.100
27.300
42.300
27.400
42.100
27.400
42.100
27.400
41.900
27.400
41.800
27.400
41.700
27.400
41.800
27.500
41.600
27.500
41.500
27.500
41.400
27.500
41.100
27.400
41.100
27.400
41.200
27.400
41.300
27.400
41.100
27.400
41.100
27.400
40.900
27.400
41.000
27.400
41.400
27.500
41.400
27.500
41.500
27.500
41.500
27.500
41.400
27.500
41.400
27.500
41.400
27.500
41.400
27.500
41.500
27.500
41.400
27.500
41.300
27.500
41.200
27.500
41.200
27.500
41.300
27.500
41.300
27.500
41.200
27.500
41.100
27.500
41.100
27.500
41.100
27.500
41.000
27.500
41.000
27.600
40.800
27.500
40.800
27.500
40.700
27.600
40.700
27.600
40.600
27.600
40.500
27.600
40.500
27.600
40.400
27.600
40.300
27.600
40.300
27.600
40.200
27.600
40.400
27.600
40.900
27.600
41.000
27.600
40.900
27.600
41.200
27.600
41.400
27.600
41.400
27.600
41.400
27.700
41.200
27.700
41.100
27.700
41.000
27.600
41.100
27.600
41.100
27.500
41.100
27.500
41.200
27.400
41.200
27.400
41.300
27.300
41.400
27.300
41.500
27.300
41.500
27.300
41.400
27.300
41.300
27.300
41.200
27.300
41.100
27.400
40.900
27.400
40.800
27.400
40.800
27.400
40.700
27.400
40.600
27.400
40.400
27.400
40.300
27.400
40.300
27.400
40.200
27.400
40.000
27.400
40.200
27.500
40.400
27.500
40.700
27.500
40.800
27.500
40.700
27.500
40.800
27.500
40.800
27.500
40.800
27.500
40.700
27.500
40.700
27.600
40.600
27.500
40.500
27.500
40.500
27.500
40.500
27.400
40.700
27.300
40.600
27.300
40.800
27.300
40.900
27.200
41.000
27.200
41.100
27.200
41.100
27.300
41.100
27.300
41.100
27.300
40.800
27.300
40.600
27.300
40.500
27.300
40.300
27.300
40.100
27.200
40.100
27.200
40.000
27.200
40.100
27.200
40.000
27.200
39.900
27.200
39.900
27.200
39.900
27.200
40.400
27.200
40.500
27.200
40.700
27.300
40.800
27.300
40.800
27.300
40.800
27.300
40.800
27.300
40.800
27.400
40.800
27.400
40.800
27.400
40.800
27.400
40.600
27.500
40.500
27.500
40.600
27.500
40.600
27.400
40.800
27.400
40.800
27.400
40.700
27.400
40.700
27.400
40.900
27.400
40.700
27.400
40.600
27.400
40.600
27.400
40.600
27.400
40.600
27.400
40.700
27.400
40.700
27.300
40.500
27.300
40.300
27.400
40.300
27.400
40.200
27.300
40.200
27.400
40.000
27.400
39.700
27.400
39.700
27.400
39.500
27.500
39.400
27.500
39.500
27.500
39.300
27.500
39.400
27.500
39.500
27.400
40.000
27.400
40.100
27.400
40.300
27.400
40.500
27.400
40.500
27.400
40.600
27.400
40.700
27.500
40.600
27.500
40.500
27.500
40.400
27.500
40.300
27.500
40.200
27.500
40.200
27.400
40.300
27.400
40.400
27.400
40.400
27.400
40.400
27.300
40.500
27.300
40.600
27.400
40.500
27.400
40.600
27.400
40.500
27.400
40.400
27.500
40.400
27.500
40.200
27.500
40.100
27.500
39.800
27.500
39.800
27.500
39.900
27.500
39.900
27.500
39.700
27.500
39.700
27.500
39.600
27.500
39.600
27.500
39.700
27.500
39.700
27.500
39.400
27.500
39.200
27.400
39.100
27.500
39.800
27.500
39.800
27.500
39.900
27.600
40.000
27.600
40.000
27.600
40.100
27.600
40.100
27.600
40.200
27.600
40.100
27.600
40.100
27.600
40.000
27.600
39.900
27.600
39.900
27.600
39.900
27.600
39.900
27.500
40.000
27.500
40.000
27.500
40.100
27.400
40.300
27.400
40.300
27.400
40.300
27.300
40.400
27.300
40.300
27.200
40.900
27.200
40.400
27.200
40.500
27.200
40.600
27.300
40.500
27.300
40.400
27.300
40.100
27.300
40.000
27.300
40.000
27.300
39.900
27.300
39.900
27.300
39.800
27.300
39.800
27.300
39.900
27.400
39.700
27.300
39.700
27.300
39.500
27.300
39.600
27.300
39.800
27.300
40.000
27.300
40.100
27.300
40.300
27.300
40.500
27.300
40.500
27.300
40.600
27.300
40.600
27.300
40.600
27.400
40.500
27.400
40.500
27.400
40.400
27.400
40.300
27.400
40.100
27.400
40.000
27.400
39.900
27.400
40.000
27.400
40.000
27.400
40.200
27.500
40.100
27.500
39.900
27.500
40.500
27.600
40.600
27.600
41.000
27.600
40.700
27.600
40.900
27.600
40.600
27.600
40.300
27.600
40.600
27.600
40.400
27.600
40.300
27.600
40.000
27.700
39.800
27.700
39.600
27.600
39.700
27.600
39.800
27.600
40.000
27.600
40.200
27.600
40.400
27.600
40.900
27.600
40.700
27.600
41.000
27.700
40.900
27.700
40.800
27.700
40.700
27.700
40.700
27.700
40.700
27.700
40.600
27.700
40.600
27.800
40.600
27.800
40.800
27.800
40.800
27.800
40.700
27.800
41.300
27.800
41.100
27.800
40.900
27.800
40.700
27.800
40.600
27.800
40.700
27.800
40.600
28.000
40.800
28.000
41.300
28.100
41.500
28.100
41.500
28.200
41.200
28.200
41.400
28.300
41.200
28.300
41.500
28.300
41.300
28.300
40.500
28.300
40.400
28.300
40.200
28.300
40.200
28.300
40.200
28.300
40.300
28.300
40.200
28.200
40.200
28.200
40.300
28.200
40.500
28.100
40.600
28.100
41.600
28.100
41.500
28.200
41.800
28.200
41.300
28.200
41.100
28.200
40.900
28.300
40.800
28.300
40.600
28.300
40.500
28.300
40.600
28.300
40.600
28.300
40.600
28.300
40.600
28.300
40.600
28.200
40.700
28.200
40.800
28.200
40.900
28.200
41.600
28.200
41.500
28.300
41.300
28.300
41.500
28.300
41.400
28.300
41.200
28.300
41.300
28.200
41.100
28.200
41.100
28.200
41.300
28.200
41.300
28.300
41.200
28.300
41.200
28.200
41.300
28.200
41.400
28.200
41.500
28.200
41.600
28.300
41.600
28.300
41.500
28.300
41.500
28.300
41.500
28.300
41.500
28.300
42.000
28.300
42.000
28.400
41.700
28.300
42.000
28.400
42.300
28.400
42.000
28.400
41.900
28.500
41.800
28.500
41.600
28.500
41.500
28.500
41.600
28.500
41.700
28.500
41.500
28.600
41.500
28.500
42.800
28.600
42.800
28.600
42.400
28.500
42.000
28.500
41.800
28.400
41.800
28.400
41.900
28.300
42.000
28.300
42.100
28.300
42.500
28.200
42.600
28.200
42.600
28.200
42.700
28.100
42.700
28.100
42.600
28.100
42.600
28.100
42.600
28.000
42.700
28.000
42.800
28.000
42.700
27.900
42.900
28.000
43.000
27.900
43.000
27.900
43.000
27.900
43.200
27.900
43.200
27.900
43.200
27.900
43.100
27.800
43.200
27.800
43.200
27.800
43.200
27.800
43.400
27.700
43.500
27.700
43.500
27.700
43.700
27.700
43.600
27.600
43.600
27.600
43.700
27.600
43.800
27.600
44.000
27.500
44.300
27.500
44.300
27.500
44.300
27.500
44.300
27.500
44.200
27.500
44.200
27.500
44.200
27.500
44.100
27.500
44.300
27.400
44.400
27.400
44.200
27.400
44.300
27.400
44.300
27.400
44.400
27.400
44.600
27.400
44.500
27.300
44.700
27.300
44.900
27.300
45.000
27.300
45.000
27.400
45.000
27.400
45.000
27.400
44.800
27.400
44.700
27.400
44.600
27.400
44.600
27.400
44.800
27.400
44.900
27.400
 * Running on http://0.0.0.0:2019/ (Press CTRL+C to quit)
 * Restarting with stat
 * Debugger is active!
 * Debugger pin code: 998-040-054
172.16.19.50 - - [17/Dec/2018 18:15:51] "GET /Sensor HTTP/1.1" 200 -
Enviando datos al servidor, sistema normal
Todo bien  479
Todo bien  478
Todo bien  477
Todo bien  476
Todo bien  475
Todo bien  474
Todo bien  473
Todo bien  472
Todo bien  471
Todo bien  470
Todo bien  469
Todo bien  468
Todo bien  467
Todo bien  466
Todo bien  465
Todo bien  464
Todo bien  463
Todo bien  462
Todo bien  461
Todo bien  460
Todo bien  459
Todo bien  458
Todo bien  457
Todo bien  456
Todo bien  455
Todo bien  454
Todo bien  453
Todo bien  452
Todo bien  451
Todo bien  450
Todo bien  449
Todo bien  448
Todo bien  447
Todo bien  446
Todo bien  445
Todo bien  444
Todo bien  443
Todo bien  442
Todo bien  441
Todo bien  440
Todo bien  439
Todo bien  438
Todo bien  437
Todo bien  436
Todo bien  435
Todo bien  434
Todo bien  433
Todo bien  432
Todo bien  431
Todo bien  430
Todo bien  429
Todo bien  428
Todo bien  427
Todo bien  426
Todo bien  425
Todo bien  424
Todo bien  423
Todo bien  422
Todo bien  421
Todo bien  420
Todo bien  419
Todo bien  418
Todo bien  417
Todo bien  416
Todo bien  415
Todo bien  414
Todo bien  413
Todo bien  412
Todo bien  411
Todo bien  410
Todo bien  409
Todo bien  408
Todo bien  407
Todo bien  406
Todo bien  405
Todo bien  404
Todo bien  403
Todo bien  402
Todo bien  401
Todo bien  400
Todo bien  399
Todo bien  398
Todo bien  397
Todo bien  396
Todo bien  395
Todo bien  394
Todo bien  393
Todo bien  392
Todo bien  391
Todo bien  390
Todo bien  389
Todo bien  388
Todo bien  387
Todo bien  386
Todo bien  385
Todo bien  384
Todo bien  383
Todo bien  382
Todo bien  381
Todo bien  380
Todo bien  379
Todo bien  378
Todo bien  377
Todo bien  376
Todo bien  375
Todo bien  374
Todo bien  373
Todo bien  372
Todo bien  371
Todo bien  370
Todo bien  369
Todo bien  368
Todo bien  367
Todo bien  366
Todo bien  365
Todo bien  364
Todo bien  363
Todo bien  362
Todo bien  361
Todo bien  360
Todo bien  359
Todo bien  358
Todo bien  357
Todo bien  356
Todo bien  355
Todo bien  354
Todo bien  353
Todo bien  352
Todo bien  351
Todo bien  350
Todo bien  349
Todo bien  348
Todo bien  347
Todo bien  346
Todo bien  345
Todo bien  344
Todo bien  343
Todo bien  342
Todo bien  341
Todo bien  340
Todo bien  339
Todo bien  338
Todo bien  337
Todo bien  336
Todo bien  335
Todo bien  334
Todo bien  333
Todo bien  332
Todo bien  331
Todo bien  330
Todo bien  329
Todo bien  328
Todo bien  327
Todo bien  326
Todo bien  325
Todo bien  324
Todo bien  323
Todo bien  322
Todo bien  321
Todo bien  320
Todo bien  319
Todo bien  318
Todo bien  317
Todo bien  316
Todo bien  315
Todo bien  314
Todo bien  313
Todo bien  312
Todo bien  311
Todo bien  310
Todo bien  309
Todo bien  308
Todo bien  307
Todo bien  306
Todo bien  305
Todo bien  304
Todo bien  303
Todo bien  302
Todo bien  301
Todo bien  300
Todo bien  299
Todo bien  298
Todo bien  297
Todo bien  296
Todo bien  295
Todo bien  294
Todo bien  293
Todo bien  292
Todo bien  291
Todo bien  290
Todo bien  289
Todo bien  288
Todo bien  287
Todo bien  286
Todo bien  285
Todo bien  284
Todo bien  283
Todo bien  282
Todo bien  281
Todo bien  280
Todo bien  279
Todo bien  278
Todo bien  277
Todo bien  276
Todo bien  275
Todo bien  274
Todo bien  273
Todo bien  272
Todo bien  271
Todo bien  270
Todo bien  269
Todo bien  268
Todo bien  267
Todo bien  266
Todo bien  265
Todo bien  264
Todo bien  263
Todo bien  262
Todo bien  261
Todo bien  260
Todo bien  259
Todo bien  258
Todo bien  257
Todo bien  256
Todo bien  255
Todo bien  254
Todo bien  253
Todo bien  252
Todo bien  251
Todo bien  250
Todo bien  249
Todo bien  248
Todo bien  247
Todo bien  246
Todo bien  245
Todo bien  244
Todo bien  243
Todo bien  242
Todo bien  241
Todo bien  240
Todo bien  239
Todo bien  238
Todo bien  237
Todo bien  236
Todo bien  235
Todo bien  234
Todo bien  233
Todo bien  232
Todo bien  231
Todo bien  230
Todo bien  229
Todo bien  228
Todo bien  227
Todo bien  226
Todo bien  225
Todo bien  224
Todo bien  223
Todo bien  222
Todo bien  221
Todo bien  220
Todo bien  219
Todo bien  218
Todo bien  217
Todo bien  216
Todo bien  215
Todo bien  214
Todo bien  213
Todo bien  212
Todo bien  211
Todo bien  210
Todo bien  209
Todo bien  208
Todo bien  207
Todo bien  206
Todo bien  205
Todo bien  204
Todo bien  203
Todo bien  202
Todo bien  201
Todo bien  200
Todo bien  199
Todo bien  198
Todo bien  197
Todo bien  196
Todo bien  195
Todo bien  194
Todo bien  193
Todo bien  192
Todo bien  191
Todo bien  190
Todo bien  189
Todo bien  188
Todo bien  187
Todo bien  186
Todo bien  185
Todo bien  184
Todo bien  183
Todo bien  182
Todo bien  181
Todo bien  180
Todo bien  179
Todo bien  178
Todo bien  177
Todo bien  176
Todo bien  175
Todo bien  174
Todo bien  173
Todo bien  172
Todo bien  171
Todo bien  170
Todo bien  169
Todo bien  168
Todo bien  167
Todo bien  166
Todo bien  165
Todo bien  164
Todo bien  163
Todo bien  162
Todo bien  161
Todo bien  160
Todo bien  159
Todo bien  158
Todo bien  157
Todo bien  156
Todo bien  155
Todo bien  154
Todo bien  153
Todo bien  152
Todo bien  151
Todo bien  150
Todo bien  149
Todo bien  148
Todo bien  147
Todo bien  146
Todo bien  145
Todo bien  144
Todo bien  143
Todo bien  142
Todo bien  141
Todo bien  140
Todo bien  139
Todo bien  138
Todo bien  137
Todo bien  136
Todo bien  135
Todo bien  134
Todo bien  133
Todo bien  132
Todo bien  131
Todo bien  130
Todo bien  129
Todo bien  128
Todo bien  127
Todo bien  126
Todo bien  125
Todo bien  124
Todo bien  123
Todo bien  122
Todo bien  121
Todo bien  120
Todo bien  119
Todo bien  118
Todo bien  117
Todo bien  116
Todo bien  115
Todo bien  114
Todo bien  113
Todo bien  112
Todo bien  111
Todo bien  110
Todo bien  109
Todo bien  108
Todo bien  107
Todo bien  106
Todo bien  105
Todo bien  104
Todo bien  103
Todo bien  102
Todo bien  101
Todo bien  100
Todo bien  99
Todo bien  98
Todo bien  97
Todo bien  96
Todo bien  95
Todo bien  94
Todo bien  93
Todo bien  92
Todo bien  91
Todo bien  90
Todo bien  89
Todo bien  88
Todo bien  87
Todo bien  86
Todo bien  85
Todo bien  84
Todo bien  83
Todo bien  82
Todo bien  81
Todo bien  80
Todo bien  79
Todo bien  78
Todo bien  77
Todo bien  76
Todo bien  75
Todo bien  74
Todo bien  73
Todo bien  72
Todo bien  71
Todo bien  70
Todo bien  69
Todo bien  68
Todo bien  67
Todo bien  66
Todo bien  65
Todo bien  64
Todo bien  63
Todo bien  62
Todo bien  61
Todo bien  60
Todo bien  59
Todo bien  58
Todo bien  57
Todo bien  56
Todo bien  55
Todo bien  54
Todo bien  53
Todo bien  52
Todo bien  51
Todo bien  50
Todo bien  49
Todo bien  48
Todo bien  47
Todo bien  46
Todo bien  45
Todo bien  44
Todo bien  43
Todo bien  42
Todo bien  41
Todo bien  40
Todo bien  39
Todo bien  38
Todo bien  37
Todo bien  36
Todo bien  35
Todo bien  34
Todo bien  33
Todo bien  32
Todo bien  31
Todo bien  30
Todo bien  29
Todo bien  28
Todo bien  27
Todo bien  26
Todo bien  25
Todo bien  24
Todo bien  23
Todo bien  22
Todo bien  21
Todo bien  20
Todo bien  19
Todo bien  18
Todo bien  17
Todo bien  16
Todo bien  15
Todo bien  14
Todo bien  13
Todo bien  12
Todo bien  11
Todo bien  10
Todo bien  9
Todo bien  8
Todo bien  7
Todo bien  6
Todo bien  5
Todo bien  4
Todo bien  3
Todo bien  2
Todo bien  1
Todo bien  480
Enviando datos al servidor, sistema normal
Todo bien  479
Todo bien  478
Todo bien  477
Todo bien  476
Todo bien  475
Todo bien  474
Todo bien  473
Todo bien  472
Todo bien  471
Todo bien  470
Todo bien  469
Todo bien  468
Todo bien  467
Todo bien  466
Todo bien  465
Todo bien  464
Todo bien  463
Todo bien  462
Todo bien  461
Todo bien  460
Todo bien  459
Todo bien  458
Todo bien  457
Todo bien  456
Todo bien  455
Todo bien  454
Todo bien  453
Todo bien  452
Todo bien  451
Todo bien  450
Todo bien  449
Todo bien  448
Todo bien  447
Todo bien  446
Todo bien  445
Todo bien  444
Todo bien  443
Todo bien  442
Todo bien  441
Todo bien  440
Todo bien  439
Todo bien  438
Todo bien  437
Todo bien  436
Todo bien  435
Todo bien  434
Todo bien  433
Todo bien  432
Todo bien  431
Todo bien  430
Todo bien  429
Todo bien  428
Todo bien  427
Todo bien  426
Todo bien  425
Todo bien  424
Todo bien  423
Todo bien  422
Todo bien  421
Todo bien  420
Todo bien  419
Todo bien  418
Todo bien  417
Todo bien  416
Todo bien  415
Todo bien  414
Todo bien  413
Todo bien Enviando datos al servidor, sistema normal
Todo bien  479
Todo bien  478
Todo bien  477
Todo bien  476
Todo bien  475
Todo bien  474
Todo bien  473
Todo bien  472
Todo bien  471
Todo bien  470
Todo bien  469
Todo bien  468
Todo bien  467
Todo bien  466
Todo bien  465
Todo bien  464
Todo bien  463
Todo bien  462
Todo bien  461
Todo bien  460
Todo bien  459
Todo bien  458
Todo bien  457
Todo bien  456
Todo bien  455
Todo bien  454
Todo bien  453
Todo bien  452
Todo bien  451
Todo bien  450
Todo bien  449
Todo bien  448
Todo bien  447
Todo bien  446
Todo bien  445
Todo bien  444
Todo bien  443
Todo bien  442
Todo bien  441
Todo bien  440
Todo bien  439
Todo bien  438
Todo bien  437
Todo bien  436
Todo bien  435
Todo bien  434
Todo bien  433
Todo bien  432
Todo bien  431
Todo bien  430
Todo bien  429
Todo bien  428
Todo bien  427
Todo bien  426
Todo bien  425
Todo bien  424
Todo bien  423
Todo bien  422
Todo bien  421
Todo bien  420
Todo bien  419
Todo bien  418
Todo bien  417
Todo bien  416
Todo bien  415
Todo bien  414
Todo bien  413
Todo bien  412
Todo bien  411
Todo bien  410
Todo bien  409
Todo bien  408
Todo bien  407
Todo bien  406
Todo bien  405
Todo bien  404
Todo bien  403
Todo bien  402
Todo bien  401
Todo bien  400
Todo bien  399
Todo bien  398
Todo bien  397
Todo bien  396
Todo bien  395
Todo bien  394
Todo bien  393
Todo bien  392
Todo bien  391
Todo bien  390
Todo bien  389
Todo bien  388
Todo bien  387
Todo bien  386
Todo bien  385
Todo bien  384
Todo bien  383
Todo bien  382
Todo bien  381
Todo bien  380
Todo bien  379
Todo bien  378
Todo bien  377
Todo bien  376
Todo bien  375
Todo bien  374
Todo bien  373
Todo bien  372
Todo bien  371
Todo bien  370
Todo bien  369
Todo bien  368
Todo bien  367
Todo bien  366
Todo bien  365
Todo bien  364
Todo bien  363
Todo bien  362
Todo bien  361
Todo bien  360
Todo bien  359
Todo bien  358
Todo bien  357
Todo bien  356
Todo bien  355
Todo bien  354
Todo bien  353
Todo bien  352
Todo bien  351
Todo bien  350
Todo bien  349
Todo bien  348
Todo bien  347
Todo bien  346
Todo bien  345
Todo bien  344
Todo bien  343
Todo bien  342
Todo bien  341
Todo bien  340
Todo bien  339
Todo bien  338
Todo bien  337
Todo bien  336
Todo bien  335
Todo bien  334
Todo bien  333
Todo bien  332
Todo bien  331
Todo bien  330
Todo bien  329
Todo bien  328
Todo bien  327
Todo bien  326
Todo bien  325
Todo bien  324
Todo bien  323
Todo bien  322
Todo bien  321
Todo bien  320
Todo bien  319
Todo bien  318
Todo bien  317
Todo bien  316
Todo bien  315
Todo bien  314
Todo bien  313
Todo bien  312
Todo bien  311
Todo bien  310
Todo bien  309
Todo bien  308
Todo bien  307
Todo bien  306
Todo bien  305
Todo bien  304
Todo bien  303
Todo bien  302
Todo bien  301
Todo bien  300
Todo bien  299
Todo bien  298
Todo bien  297
Todo bien  296
Todo bien  295
Todo bien  294
Todo bien  293
Todo bien  292
Todo bien  291
Todo bien  290
Todo bien  289
Todo bien  288
Todo bien  287
Todo bien  286
Todo bien  285
Todo bien  284
Todo bien  283
Todo bien  282
Todo bien  281
Todo bien  280
Todo bien  279
Todo bien  278
Todo bien  277
Todo bien  276
Todo bien  275
Todo bien  274
Todo bien  273
Todo bien  272
Todo bien  271
Todo bien  270
Todo bien  269
Todo bien  268
Todo bien  267
Todo bien  266
Todo bien  265
Todo bien  264
Todo bien  263
Todo bien  262
Todo bien  261
Todo bien  260
Todo bien  259
Todo bien  258
Todo bien  257
Todo bien  256
Todo bien  255
Todo bien  254
Todo bien  253
Todo bien  252
Todo bien  251
Todo bien  250
Todo bien  249
Todo bien  248
Todo bien  247
Todo bien  246
Todo bien  245
Todo bien  244
Todo bien  243
Todo bien  242
Todo bien  241
Todo bien  240
Todo bien  239
Todo bien  238
Todo bien  237
Todo bien  236
Todo bien  235
Todo bien  234
Todo bien  233
Todo bien  232
Todo bien  231
Todo bien  230
Todo bien  229
Todo bien  228
Todo bien  227
Todo bien  226
Todo bien  225
Todo bien  224
Todo bien  223
Todo bien  222
Todo bien  221
Todo bien  220
Todo bien  219
Todo bien  218
Todo bien  217
Todo bien  216
Todo bien  215
Todo bien  214
Todo bien  213
Todo bien  212
Todo bien  211
Todo bien  210
Todo bien  209
Todo bien  208
Todo bien  207
Todo bien  206
Todo bien  205
Todo bien  204
Todo bien  203
Todo bien  202
Todo bien  201
Todo bien  200
Todo bien  199
Todo bien  198
Todo bien  197
Todo bien  196
Todo bien  195
Todo bien  194
Todo bien  193
Todo bien  192
Todo bien  191
Todo bien  190
Todo bien  189
Todo bien  188
Todo bien  187
Todo bien  186
Todo bien  185
Todo bien  184
Todo bien  183
Todo bien  182
Todo bien  181
Todo bien  180
Todo bien  179
Todo bien  178
Todo bien  177
Todo bien  176
Todo bien  175
Todo bien  174
Todo bien  173
Todo bien  172
Todo bien  171
Todo bien  170
Todo bien  169
Todo bien  168
Todo bien  167
Todo bien  166
Todo bien  165
Todo bien  164
Todo bien  163
Todo bien  162
Todo bien  161
Todo bien  160
Todo bien  159
Todo bien  158
Todo bien  157
Todo bien  156
Todo bien  155
Todo bien  154
Todo bien  153
Todo bien  152
Todo bien  151
Todo bien  150
Todo bien  149
Todo bien  148
Todo bien  147
Todo bien  146
Todo bien  145
Todo bien  144
Todo bien  143
Todo bien  142
Todo bien  141
Todo bien  140
Todo bien  139
Todo bien  138
Todo bien  137
Todo bien  136
Todo bien  135
Todo bien  134
Todo bien  133
Todo bien  132
Todo bien  131
Todo bien  130
Todo bien  129
Todo bien  128
Todo bien  127
Todo bien  126
Todo bien  125
Todo bien  124
Todo bien  123
Todo bien  122
Todo bien  121
Todo bien  120
Todo bien  119
Todo bien  118
Todo bien  117
Todo bien  116
Todo bien  115
Todo bien  114
Todo bien  113
Todo bien  112
Todo bien  111
Todo bien  110
Todo bien  109
Todo bien  108
Todo bien  107
Todo bien  106
Todo bien  105
Todo bien  104
Todo bien  103
Todo bien  102
Todo bien  101
Todo bien  100
Todo bien  99
Todo bien  98
Todo bien  97
Todo bien  96
Todo bien  95
Todo bien  94
Todo bien  93
Todo bien  92
Todo bien  91
Todo bien  90
Todo bien  89
Todo bien  88
Todo bien  87
Todo bien  86
Todo bien  85
Todo bien  84
Todo bien  83
Todo bien  82
Todo bien  81
Todo bien  80
Todo bien  79
Todo bien  78
Todo bien  77
Todo bien  76
Todo bien  75
Todo bien  74
Todo bien  73
Todo bien  72
Todo bien  71
Todo bien  70
Todo bien  69
Todo bien  68
Todo bien  67
Todo bien  66
Todo bien  65
Todo bien  64
Todo bien  63
Todo bien  62
Todo bien  61
Todo bien  60
Todo bien  59
Todo bien  58
Todo bien  57
Todo bien  56
Todo bien  55
Todo bien  54
Todo bien  53
Todo bien  52
Todo bien  51
Todo bien  50
Todo bien  49
Todo bien  48
Todo bien  47
Todo bien  46
Todo bien  45
Todo bien  44
Todo bien  43
Todo bien  42
Todo bien  41
Todo bien  40
Todo bien  39
Todo bien  38
Todo bien  37
Todo bien  36
Todo bien  35
Todo bien  34
Todo bien  33
Todo bien  32
Todo bien  31
Todo bien  30
Todo bien  29
Todo bien  28
Todo bien  27
Todo bien  26
Todo bien  25
Todo bien  24
Todo bien  23
Todo bien  22
Todo bien  21
Todo bien  20
Todo bien  19
Todo bien  18
Todo bien  17
Todo bien  16
Todo bien  15
Todo bien  14
Todo bien  13
Todo bien  12
Todo bien  11
Todo bien  10
Todo bien  9
Todo bien  8
Todo bien  7
Todo bien  6
Todo bien  5
Todo bien  4
Todo bien  3
Todo bien  2
Todo bien  1
Todo bien  480
Enviando datos al servidor, sistema normal
Todo bien  479
Todo bien  478
Todo bien  477
Todo bien  476
Todo bien  475
Todo bien  474
Todo bien  473
Todo bien  472
Todo bien  471
Todo bien  470
Todo bien  469
Todo bien  468
Todo bien  467
Todo bien  466
Todo bien  465
Todo bien  464
Todo bien  463
Todo bien  462
Todo bien  461
Todo bien  460
Todo bien  459
Todo bien  458
Todo bien  457
Todo bien  456
Todo bien  455
Todo bien  454
Todo bien  453
Todo bien  452
Todo bien  451
Todo bien  450
Todo bien  449
Todo bien  448
Todo bien  447
Todo bien  446
Todo bien  445
Todo bien  444
Todo bien  443
Todo bien  442
Todo bien  441
Todo bien  440
Todo bien  439
Todo bien  438
Todo bien  437
Todo bien  436
Todo bien  435
Todo bien  434
Todo bien  433
Todo bien  432
Todo bien  431
Todo bien  430
Todo bien  429
Todo bien  428
Todo bien  427
Todo bien  426
Todo bien  425
Todo bien  424
Todo bien  423
Todo bien  422
Todo bien  421
Todo bien  420
Todo bien  419
Todo bien  418
Todo bien  417
Todo bien  416
Todo bien  415
Todo bien  414
Todo bien  413
Todo bien  412
Todo bien  411
Todo bien  410
Todo bien  409
Todo bien  408
Todo bien  407
Todo bien  406
Todo bien  405
Todo bien  404
Todo bien  403
Todo bien  402
Todo bien  401
Todo bien  400
Todo bien  399
Todo bien  398
Todo bien  397
Todo bien  396
Todo bien  395
Todo bien  394
Todo bien  393
Todo bien  392
Todo bien  391
Todo bien  390
Todo bien  389
Todo bien  388
Todo bien  387
Todo bien  386
Todo bien  385
Todo bien  384
Todo bien  383
Todo bien  382
Todo bien  381
Todo bien  380
Todo bien  379
Todo bien  378
Todo bien  377
Todo bien  376
Todo bien  375
Todo bien  374
Todo bien  373
Todo bien  372
Todo bien  371
Todo bien  370
Todo bien  369
Todo bien  368
Todo bien  367
Todo bien  366
Todo bien  365
Todo bien  364
Todo bien  363
Todo bien  362
Todo bien  361
Todo bien  360
Todo bien  359
Todo bien  358
Todo bien  357
Todo bien  356
Todo bien  355
Todo bien  354
Todo bien  353
Todo bien  352
Todo bien  351
Todo bien  350
Todo bien  349
Todo bien  348
Todo bien  347
Todo bien  346
Todo bien  345
Todo bien  344
Todo bien  343
Todo bien  342
Todo bien  341
Todo bien  340
Todo bien  339
Todo bien  338
Todo bien  337
Todo bien  336
Todo bien  335
Todo bien  334
Todo bien  333
Todo bien  332
Todo bien  331
Todo bien  330
Todo bien  329
Todo bien  328
Todo bien  327
Todo bien  326
Todo bien  325
Todo bien  324
Todo bien  323
Todo bien  322
Todo bien  321
Todo bien  320
Todo bien  319
Todo bien  318
Todo bien  317
Todo bien  316
Todo bien  315
Todo bien  314
Todo bien  313
Todo bien  312
Todo bien  311
Todo bien  310
Todo bien  309
Todo bien  308
Todo bien  307
Todo bien  306
Todo bien  305
Todo bien  304
Todo bien  303
Todo bien  302
Todo bien  301
Todo bien  300
Todo bien  299
Todo bien  298
Todo bien  297
Todo bien  296
Todo bien  295
Todo bien  294
Todo bien  293
Todo bien  292
Todo bien  291
Todo bien  290
Todo bien  289
Todo bien  288
Todo bien  287
Todo bien  286
Todo bien  285
Todo bien  284
Todo bien  283
Todo bien  282
Todo bien  281
Todo bien  280
Todo bien  279
Todo bien  278
Todo bien  277
Todo bien  276
Todo bien  275
Todo bien  274
Todo bien  273
Todo bien  272
Todo bien  271
Todo bien  270
Todo bien  269
Todo bien  268
Todo bien  267
Todo bien  266
Todo bien  265
Todo bien  264
Todo bien  263
Todo bien  262
Todo bien  261
Todo bien  260
Todo bien  259
Todo bien  258
Todo bien  257
Todo bien  256
Todo bien  255
Todo bien  254
Todo bien  253
Todo bien  252
Todo bien  251
Todo bien  250
Todo bien  249
Todo bien  248
Todo bien  247
Todo bien  246
Todo bien  245
Todo bien  244
Todo bien  243
Todo bien  242
Todo bien  241
Todo bien  240
Todo bien  239
Todo bien  238
Todo bien  237
Todo bien  236
Todo bien  235
Todo bien  234
Todo bien  233
Todo bien  232
Todo bien  231
Todo bien  230
Todo bien  229
Todo bien  228
Todo bien  227
Todo bien  226
Todo bien  225
Todo bien  224
Todo bien  223
Todo bien  222
Todo bien  221
Todo bien  220
Todo bien  219
Todo bien  218
Todo bien  217
Todo bien  216
Todo bien  215
Todo bien  214
Todo bien  213
Todo bien  212
Todo bien  211
Todo bien  210
Todo bien  209
Todo bien  208
Todo bien  207
Todo bien  206
Todo bien  205
Todo bien  204
Todo bien  203
Todo bien  202
Todo bien  201
Todo bien  200
Todo bien  199
Todo bien  198
Todo bien  197
Todo bien  196
Todo bien  195
Todo bien  194
Todo bien  193
Todo bien  192
Todo bien  191
Todo bien  190
Todo bien  189
Todo bien  188
Todo bien  187
Todo bien  186
Todo bien  185
Todo bien  184
Todo bien  183
Todo bien  182
Todo bien  181
Todo bien  180
Todo bien  179
Todo bien  178
Todo bien  177
Todo bien  176
Todo bien  175
Todo bien  174
Todo bien  173
Todo bien  172
Todo bien  171
Todo bien  170
Todo bien  169
Todo bien  168
Todo bien  167
Todo bien  166
Todo bien  165
Todo bien  164
Todo bien  163
Todo bien  162
Todo bien  161
Todo bien  160
Todo bien  159
Todo bien  158
Todo bien  157
Todo bien  156
Todo bien  155
Todo bien  154
Todo bien  153
Todo bien  152
Todo bien  151
Todo bien  150
Todo bien  149
Todo bien  148
Todo bien  147
Todo bien  146
Todo bien  145
Todo bien  144
Todo bien  143
Todo bien  142
Todo bien  141
Todo bien  140
Todo bien  139
Todo bien  138
Todo bien  137
Todo bien  136
Todo bien  135
Todo bien  134
Todo bien  133
Todo bien  132
Todo bien  131
Todo bien  130
Todo bien  129
Todo bien  128
Todo bien  127
Todo bien  126
Todo bien  125
Todo bien  124
Todo bien  123
Todo bien  122
Todo bien  121
Todo bien  120
Todo bien  119
Todo bien  118
Todo bien  117
Todo bien  116
Todo bien  115
Todo bien  114
Todo bien  113
Todo bien  112
Todo bien  111
Todo bien  110
Todo bien  109
Todo bien  108
Todo bien  107
Todo bien  106
Todo bien  105
Todo bien  104
Todo bien  103
Todo bien  102
Todo bien  101
Todo bien  100
Todo bien  99
Todo bien  98
Todo bien  97
Todo bien  96
Todo bien  95
Todo bien  94
Todo bien  93
Todo bien  92
Todo bien  91
Todo bien  90
Todo bien  89
Todo bien  88
Todo bien  87
Todo bien  86
Todo bien  85
Todo bien  84
Todo bien  83
Todo bien  82
Todo bien  81
Todo bien  80
Todo bien  79
Todo bien  78
Todo bien  77
Todo bien  76
Todo bien  75
Todo bien  74
Todo bien  73
Todo bien  72
Todo bien  71
Todo bien  70
Todo bien  69
Todo bien  68
Todo bien  67
Todo bien  66
Todo bien  65
Todo bien  64
Todo bien  63
Todo bien  62
Todo bien  61
Todo bien  60
Todo bien  59
Todo bien  58
Todo bien  57
Todo bien  56
Todo bien  55
Todo bien  54
Todo bien  53
Todo bien  52
Todo bien  51
Todo bien  50
Todo bien  49
Todo bien  48
Todo bien  47
Todo bien  46
Todo bien  45
Todo bien  44
Todo bien  43
Todo bien  42
Todo bien  41
Todo bien  40
Todo bien  39
Todo bien  38
Todo bien  37
Todo bien  36
Todo bien  35
Todo bien  34
Todo bien  33
Todo bien  32
Todo bien  31
Todo bien  30
Todo bien  29
Todo bien  28
Todo bien  27
Todo bien  26
Todo bien  25
Todo bien  24
Todo bien  23
Todo bien  22
Todo bien  21
Todo bien  20
Todo bien  19
Todo bien  18
Todo bien  17
Todo bien  16
Todo bien  15
Todo bien  14
Todo bien  13
Todo bien  12
Todo bien  11
Todo bien  10
Todo bien  9
Todo bien  8
Todo bien  7
Todo bien  6
Todo bien  5
Todo bien  4
Todo bien  3
Todo bien  2
Todo bien  1
Todo bien  480
Enviando datos al servidor, sistema normal
Todo bien  479
Todo bien  478
Todo bien  477
Todo bien  476
Todo bien  475
Todo bien  474
Todo bien  473
Todo bien  472
Todo bien  471
Todo bien  470
Todo bien  469
Todo bien  468
Todo bien  467
Todo bien  466
Todo bien  465
Todo bien  464
Todo bien  463
Todo bien  462
Todo bien  461
Todo bien  460
Todo bien  459
Todo bien  458
Todo bien  457
Todo bien  456
Todo bien  455
Todo bien  454
Todo bien  453
Todo bien  452
Todo bien  451
Todo bien  450
Todo bien  449
Todo bien  448
Todo bien  447
Todo bien  446
Todo bien  445
Todo bien  444
Todo bien  443
Todo bien  442
Todo bien  441
Todo bien  440
Todo bien  439
Todo bien  438
Todo bien  437
Todo bien  436
Todo bien  435
Todo bien  434
Todo bien  433
Todo bien  432
Todo bien  431
Todo bien  430
Todo bien  429
Todo bien  428
Todo bien  427
Todo bien  426
Todo bien  425
Todo bien  424
Todo bien  423
Todo bien  422
Todo bien  421
Todo bien  420
Todo bien  419
Todo bien  418
Todo bien  417
Todo bien  416
Todo bien  415
Todo bien  414
Todo bien  413
Todo bien  412
Todo bien  411
Todo bien  410
Todo bien  409
Todo bien  408
Todo bien  407
Todo bien  406
Todo bien  405
Todo bien  404
Todo bien  403
Todo bien  402
Todo bien  401
Todo bien  400
Todo bien  399
Todo bien  398
Todo bien  397
Todo bien  396
Todo bien  395
Todo bien  394
Todo bien  393
Todo bien  392
Todo bien  391
Todo bien  390
Todo bien  389
Todo bien  388
Todo bien  387
Todo bien  386
Todo bien  385
Todo bien  384
Todo bien  383
Todo bien  382
Todo bien  381
Todo bien  380
Todo bien  379
Todo bien  378
Todo bien  377
Todo bien  376
Todo bien  375
Todo bien  374
Todo bien  373
Todo bien  372
Todo bien  371
Todo bien  370
Todo bien  369
Todo bien  368
Todo bien  367
Todo bien  366
Todo bien  365
Todo bien  364
Todo bien  363
Todo bien  362
Todo bien  361
Todo bien  360
Todo bien  359
Todo bien  358
Todo bien  357
Todo bien  356
Todo bien  355
Todo bien  354
Todo bien  353
Todo bien  352
Todo bien  351
Todo bien  350
Todo bien  349
Todo bien  348
Todo bien  347
Todo bien  346
Todo bien  345
Todo bien  344
Todo bien  343
Todo bien  342
Todo bien  412
Todo bien  411
Todo bien  410
Todo bien  409
Todo bien  408
Todo bien  407
Todo bien  406
Todo bien  405
Todo bien  404
Todo bien  403
Todo bien  402
Todo bien  401
Todo bien  400
Todo bien  399
Todo bien  398
Todo bien  397
Todo bien  396
Todo bien  395
Todo bien  394
Todo bien  393
Todo bien  392
Todo bien  391
Todo bien  390
Todo bien  389
Todo bien  388
Todo bien  387
Todo bien  386
Todo bien  385
Todo bien  384
Todo bien  383
Todo bien  382
Todo bien  381
Todo bien  380
Todo bien  379
Todo bien  378
Todo bien  377
Todo bien  376
Todo bien  375
Todo bien  374
Todo bien  373
Todo bien  372
Todo bien  371
Todo bien  370
Todo bien  369
Todo bien  368
Todo bien  367
Todo bien  366
Todo bien  365
Todo bien  364
Todo bien  363
Todo bien  362
Todo bien  361
Todo bien  360
Todo bien  359
Todo bien  358
Todo bien  357
Todo bien  356
Todo bien  355
Todo bien  354
Todo bien  353
Todo bien  352
Todo bien  351
Todo bien  350
Todo bien  349
Todo bien  348
Todo bien  347
Todo bien  346
Todo bien  345
Todo bien  344
Todo bien  343
Todo bien  342
Todo bien  341
Todo bien  340
Todo bien  339
Todo bien  338
Todo bien  337
Todo bien  336
Todo bien  335
Todo bien  334
Todo bien  333
Todo bien  332
Todo bien  331
Todo bien  330
Todo bien  329
Todo bien  328
Todo bien  327
Todo bien  326
Todo bien  325
Todo bien  324
Todo bien  323
Todo bien  322
Todo bien  321
Todo bien  320
Todo bien  319
Todo bien  318
Todo bien  317
Todo bien  316
Todo bien  315
Todo bien  314
Todo bien  313
Todo bien  312
Todo bien  311
Todo bien  310
Todo bien  309
Todo bien  308
Todo bien  307
Todo bien  306
Todo bien  305
Todo bien  304
Todo bien  303
Todo bien  302
Todo bien  301
Todo bien  300
Todo bien  299
Todo bien  298
Todo bien  297
Todo bien  296
Todo bien  295
Todo bien  294
Todo bien  293
Todo bien  292
Todo bien  291
Todo bien  290
Todo bien  289
Todo bien  288
Todo bien  287
Todo bien  286
Todo bien  285
Todo bien  284
Todo bien  283
Todo bien  282
Todo bien  281
Todo bien  280
Todo bien  279
Todo bien  278
Todo bien  277
Todo bien  276
Todo bien  275
Todo bien  274
Todo bien  273
Todo bien  272
Todo bien  271
Todo bien  270
Todo bien  269
Todo bien  268
Todo bien  267
Todo bien  266
Todo bien  265
Todo bien  264
Todo bien  263
Todo bien  262
Todo bien  261
Todo bien  260
Todo bien  259
Todo bien  258
Todo bien  257
Todo bien  256
Todo bien  255
Todo bien  254
Todo bien  253
Todo bien  252
Todo bien  251
Todo bien  250
Todo bien  249
Todo bien  248
Todo bien  247
Todo bien  246
Todo bien  245
Todo bien  244
Todo bien  243
Todo bien  242
Todo bien  241
Todo bien  240
Todo bien  239
Todo bien  238
Todo bien  237
Todo bien  236
Todo bien  235
Todo bien  234
Todo bien  233
Todo bien  232
Todo bien  231
Todo bien  230
Todo bien  229
Todo bien  228
Todo bien  227
Todo bien  226
Todo bien  225
Todo bien  224
Todo bien  223
Todo bien  222
Todo bien  221
Todo bien  220
Todo bien  219
Todo bien  218
Todo bien  217
Todo bien  216
Todo bien  215
Todo bien  214
Todo bien  213
Todo bien  212
Todo bien  211
Todo bien  210
Todo bien  209
Todo bien  208
Todo bien  207
Todo bien  206
Todo bien  205
Todo bien  204
Todo bien  203
Todo bien  202
Todo bien  201
Todo bien  200
Todo bien  199
Todo bien  198
Todo bien  197
Todo bien  196
Todo bien  195
Todo bien  194
Todo bien  193
Todo bien  192
Todo bien  191
Todo bien  190
Todo bien  189
Todo bien  188
Todo bien  187
Todo bien  186
Todo bien  185
Todo bien  184
Todo bien  183
Todo bien  182
Todo bien  181
Todo bien  180
Todo bien  179
Todo bien  178
Todo bien  177
Todo bien  176
Todo bien  175
Todo bien  174
Todo bien  173
Todo bien  172
Todo bien  171
Todo bien  170
Todo bien  169
Todo bien  168
Todo bien  167
Todo bien  166
Todo bien  165
Todo bien  164
Todo bien  163
Todo bien  162
Todo bien  161
Todo bien  160
Todo bien  159
Todo bien  158
Todo bien  157
Todo bien  156
Todo bien  155
Todo bien  154
Todo bien  153
Todo bien  152
Todo bien  151
Todo bien  150
Todo bien  149
Todo bien  148
Todo bien  147
Todo bien  146
Todo bien  145
Todo bien  144
Todo bien  143
Todo bien  142
Todo bien  141
Todo bien  140
Todo bien  139
Todo bien  138
Todo bien  137
Todo bien  136
Todo bien  135
Todo bien  134
Todo bien  133
Todo bien  132
Todo bien  131
Todo bien  130
Todo bien  129
Todo bien  128
Todo bien  127
Todo bien  126
Todo bien  125
Todo bien  124
Todo bien  123
Todo bien  122
Todo bien  121
Todo bien  120
Todo bien  119
Todo bien  118
Todo bien  117
Todo bien  116
Todo bien  115
Todo bien  114
Todo bien  113
Todo bien  112
Todo bien  111
Todo bien  110
Todo bien  109
Todo bien  108
Todo bien  107
Todo bien  106
Todo bien  105
Todo bien  104
Todo bien  103
Todo bien  102
Todo bien  101
Todo bien  100
Todo bien  99
Todo bien  98
Todo bien  97
Todo bien  96
Todo bien  95
Todo bien  94
Todo bien  93
Todo bien  92
Todo bien  91
Todo bien  90
Todo bien  89
Todo bien  88
Todo bien  87
Todo bien  86
Todo bien  85
Todo bien  84
Todo bien  83
Todo bien  82
Todo bien  81
Todo bien  80
Todo bien  79
Todo bien  78
Todo bien  77
Todo bien  76
Todo bien  75
Todo bien  74
Todo bien  73
Todo bien  72
Todo bien  71
Todo bien  70
Todo bien  69
Todo bien  68
Todo bien  67
Todo bien  66
Todo bien  65
Todo bien  64
Todo bien  63
Todo bien  62
Todo bien  61
Todo bien  60
Todo bien  59
Todo bien  58
Todo bien  57
Todo bien  56
Todo bien  55
Todo bien  54
Todo bien  53
Todo bien  52
Todo bien  51
Todo bien  50
Todo bien  49
Todo bien  48
Todo bien  47
Todo bien  46
Todo bien  45
Todo bien  44
Todo bien  43
Todo bien  42
Todo bien  41
Todo bien  40
Todo bien  39
Todo bien  38
Todo bien  37
Todo bien  36
Todo bien  35
Todo bien  34
Todo bien  33
Todo bien  32
Todo bien  31
Todo bien  30
Todo bien  29
Todo bien  28
Todo bien  27
Todo bien  26
Todo bien  25
Todo bien  24
Todo bien  23
Todo bien  22
Todo bien  21
Todo bien  20
Todo bien  19
Todo bien  18
Todo bien  17
Todo bien  16
Todo bien  15
Todo bien  14
Todo bien  13
Todo bien  12
Todo bien  11
Todo bien  10
Todo bien  9
Todo bien  8
Todo bien  7
Todo bien  6
Todo bien  5
Todo bien  4
Todo bien  3
Todo bien  2
Todo bien  1
Todo bien  480
Enviando datos al servidor, sistema normal
Todo bien  479
Todo bien  478
Todo bien  477
Todo bien  476
Todo bien  475
Todo bien  474
Todo bien  473
Todo bien  472
Todo bien  471
Todo bien  470
Todo bien  469
Todo bien  468
Todo bien  467
Todo bien  466
Todo bien  465
Todo bien  464
Todo bien  463
Todo bien  462
Todo bien  461
Todo bien  460
Todo bien  459
Todo bien  458
Todo bien  457
Todo bien  456
Todo bien  455
Todo bien  454
Todo bien  453
Todo bien  452
Todo bien  451
Todo bien  450
Todo bien  449
Todo bien  448
Todo bien  447
Todo bien  446
Todo bien  445
Todo bien  444
Todo bien  443
Todo bien  442
Todo bien  441
Todo bien  440
Todo bien  439
Todo bien  438
Todo bien  437
Todo bien  436
Todo bien  435
Todo bien  434
Todo bien  433
Todo bien  432
Todo bien  431
Todo bien  430
Todo bien  429
Todo bien  428
Todo bien  427
Todo bien  426
Todo bien  425
Todo bien  424
Todo bien  423
Todo bien  422
Todo bien  421
Todo bien  420
Todo bien  419
Todo bien  418
Todo bien  417
Todo bien  416
Todo bien  415
Todo bien  414
Todo bien  413
Todo bien  412
Todo bien  411
Todo bien  410
Todo bien  409
Todo bien  408
Todo bien  407
Todo bien  406
Todo bien  405
Todo bien  404
Todo bien  403
Todo bien  402
Todo bien  401
Todo bien  400
Todo bien  399
Todo bien  398
Todo bien  397
Todo bien  396
Todo bien  395
Todo bien  394
Todo bien  393
Todo bien  392
Todo bien  391
Todo bien  390
Todo bien  389
Todo bien  388
Todo bien  387
Todo bien  386
Todo bien  385
Todo bien  384
Todo bien  383
Todo bien  382
Todo bien  381
Todo bien  380
Todo bien  379
Todo bien  378
Todo bien  377
Todo bien  376
Todo bien  375
Todo bien  374
Todo bien  373
Todo bien  372
Todo bien  371
Todo bien  370
Todo bien  369
Todo bien  368
Todo bien  367
Todo bien  366
Todo bien  365
Todo bien  364
Todo bien  363
Todo bien  362
Todo bien  361
Todo bien  360
Todo bien  359
Todo bien  358
Todo bien  357
Todo bien  356
Todo bien  355
Todo bien  354
Todo bien  353
Todo bien  352
Todo bien  351
Todo bien  350
Todo bien  349
Todo bien  348
Todo bien  347
Todo bien  346
Todo bien  345
Todo bien  344
Todo bien  343
Todo bien  342
Todo bien 172.16.19.50 - - [18/Dec/2018 07:35:06] "GET /Sensor HTTP/1.1" 200 -
 341
Todo bien  340
Todo bien  339
Todo bien  338
Todo bien  337
Todo bien  336
Todo bien  335
Todo bien  334
Todo bien  333
Todo bien  332
Todo bien  331
Todo bien  330
Todo bien  329
Todo bien  328
Todo bien  327
Todo bien  326
Todo bien  325
Todo bien  324
Todo bien  323
Todo bien  322
Todo bien  321
Todo bien  320
Todo bien  319
Todo bien  318
Todo bien  317
Todo bien  316
Todo bien  315
Todo bien  314
Todo bien  313
Todo bien  312
Todo bien  311
Todo bien  310
Todo bien  309
Todo bien  308
Todo bien  307
Todo bien  306
Todo bien  305
Todo bien  304
Todo bien  303
Todo bien  302
Todo bien  301
Todo bien  300
Todo bien  299
Todo bien  298
Todo bien  297
Todo bien  296
Todo bien  295
Todo bien  294
Todo bien  293
Todo bien  292
Todo bien  291
Todo bien  290
Todo bien  289
Todo bien  288
Todo bien  287
Todo bien  286
Todo bien  285
Todo bien  284
Todo bien  283
Todo bien  282
Todo bien  281
Todo bien  280
Todo bien  279
Todo bien  278
Todo bien  277
Todo bien  276
Todo bien  275
Todo bien  274
Todo bien  273
Todo bien  272
Todo bien  271
Todo bien  270
Todo bien  269
Todo bien  268
Todo bien  267
Todo bien  266
Todo bien  265
Todo bien  264
Todo bien  263
Todo bien  262
Todo bien  261
Todo bien  260
Todo bien  259
Todo bien  258
Todo bien  257
Todo bien  256
Todo bien  255
Todo bien  254
Todo bien  253
Todo bien  252
Todo bien  251
Todo bien  250
Todo bien  249
Todo bien  248
Todo bien  247
Todo bien  246
Todo bien  245
Todo bien  244
Todo bien  243
Todo bien  242
Todo bien  241
Todo bien  240
Todo bien  239
Todo bien  238
Todo bien  237
Todo bien  236
Todo bien  235
Todo bien  234
Todo bien  233
Todo bien  232
Todo bien  231
Todo bien  230
Todo bien  229
Todo bien  228
Todo bien  227
Todo bien  226
Todo bien  225
Todo bien  224
Todo bien  223
Todo bien  222
Todo bien  221
Todo bien  220
Todo bien  219
Todo bien  218
Todo bien  217
Todo bien  216
Todo bien  215
Todo bien  214
Todo bien  213
Todo bien  212
Todo bien  211
Todo bien  210
Todo bien  209
Todo bien  208
Todo bien  207
Todo bien  206
Todo bien  205
Todo bien  204
Todo bien  203
Todo bien  202
Todo bien  201
Todo bien  200
Todo bien  199
Todo bien  198
Todo bien  197
Todo bien  196
Todo bien  195
Todo bien  194
Todo bien  193
Todo bien  192
Todo bien  191
Todo bien  190
Todo bien  189
Todo bien  188
Todo bien  187
Todo bien  186
Todo bien  185
Todo bien  184
Todo bien  183
Todo bien  182
Todo bien  181
Todo bien  180
Todo bien  179
Todo bien  178
Todo bien  177
Todo bien  176
Todo bien  175
Todo bien  174
Todo bien  173
Todo bien  172
Todo bien  171
Todo bien  170
Todo bien  169
Todo bien  168
Todo bien  167
Todo bien  166
Todo bien  165
Todo bien  164
Todo bien  163
Todo bien  162
Todo bien  161
Todo bien  160
Todo bien  159
Todo bien  158
Todo bien  157
Todo bien  156
Todo bien  155
Todo bien  154
Todo bien  153
Todo bien  152
Todo bien  151
Todo bien  150
Todo bien  149
Todo bien  148
Todo bien  147
Todo bien  146
Todo bien  145
Todo bien  144
Todo bien  143
Todo bien  142
Todo bien  141
Todo bien  140
Todo bien  139
Todo bien  138
Todo bien  137
Todo bien  136
Todo bien  135
Todo bien  134
Todo bien  133
Todo bien  132
Todo bien  131
Todo bien  130
Todo bien  129
Todo bien  128
Todo bien  127
Todo bien  126
Todo bien  125
Todo bien  124
Todo bien  123
Todo bien  122
Todo bien  121
Todo bien  120
Todo bien  119
Todo bien  118
Todo bien  117
Todo bien  116
Todo bien  115
Todo bien  114
Todo bien  113
Todo bien  112
Todo bien  111
Todo bien  110
Todo bien  109
Todo bien  108
Todo bien  107
Todo bien  106
Todo bien  105
Todo bien  104
Todo bien  103
Todo bien  102
Todo bien  101
Todo bien  100
Todo bien  99
Todo bien  98
Todo bien  97
Todo bien  96
Todo bien  95
Todo bien  94
Todo bien  93
Todo bien  92
Todo bien  91
Todo bien  90
Todo bien  89
Todo bien  88
Todo bien  87
Todo bien  86
Todo bien  85
Todo bien  84
Todo bien  83
Todo bien  82
Todo bien  81
Todo bien  80
Todo bien  79
Todo bien  78
Todo bien  77
Todo bien  76
Todo bien  75
Todo bien  74
Todo bien  73
Todo bien  72
Todo bien  71
Todo bien  70
Todo bien  69
Todo bien  68
Todo bien  67
Todo bien  66
Todo bien  65
Todo bien  64
Todo bien  63
Todo bien  62
Todo bien  61
Todo bien  60
Todo bien  59
Todo bien  58
Todo bien  57
Todo bien  56
Todo bien  55
Todo bien  54
Todo bien  53
Todo bien  52
Todo bien  51
Todo bien  50
Todo bien  49
Todo bien  48
Todo bien  47
Todo bien  46
Todo bien  45
Todo bien  44
Todo bien  43
Todo bien  42
Todo bien  41
Todo bien  40
Todo bien  39
Todo bien  38
Todo bien  37
Todo bien  36
Todo bien  35
Todo bien  34
Todo bien  33
Todo bien  32
Todo bien  31
Todo bien  30
Todo bien  29
Todo bien  28
Todo bien  27
Todo bien  26
Todo bien  25
Todo bien  24
Todo bien  23
Todo bien  22
Todo bien  21
Todo bien  20
Todo bien  19
Todo bien  18
Todo bien  17
Todo bien  16
Todo bien  15
Todo bien  14
Todo bien  13
Todo bien  12
Todo bien  11
Todo bien  10
Todo bien  9
Todo bien  8
Todo bien  7
Todo bien  6
Todo bien  5
Todo bien  4
Todo bien  3
Todo bien  2
Todo bien  1
Todo bien  480
Enviando datos al servidor, sistema normal
Todo bien  479
Todo bien  478
Todo bien  477
Todo bien  476
Todo bien  475
Todo bien  474
Todo bien  473
Todo bien  472
Todo bien  471
Todo bien  470
Todo bien  469
Todo bien  468
Todo bien  467
Todo bien  466
Todo bien  465
Todo bien  464
Todo bien  463
Todo bien  462
Todo bien  461
Todo bien  460
Todo bien  459
Todo bien  458
Todo bien  457
Todo bien  456
Todo bien  455
Todo bien  454
Todo bien  453
Todo bien  452
Todo bien  451
Todo bien  450
Todo bien  449
Todo bien  448
Todo bien  447
Todo bien  446
Todo bien  445
Todo bien  444
Todo bien  443
Todo bien  442
Todo bien  441
Todo bien  440
Todo bien  439
Todo bien  438
Todo bien  437
Todo bien  436
Todo bien  435
Todo bien  434
Todo bien  433
Todo bien  432
Todo bien  431
Todo bien  430
Todo bien  429
Todo bien  428
Todo bien  427
Todo bien  426
Todo bien  425
Todo bien  424
Todo bien  423
Todo bien  422
Todo bien  421
Todo bien  420
Todo bien  419
Todo bien  418
Todo bien  417
Todo bien  416
Todo bien  415
Todo bien  414
Todo bien  413
Todo bien  412
Todo bien  411
Todo bien  410
Todo bien  409
Todo bien  408
Todo bien  407
Todo bien  406
Todo bien  405
Todo bien  404
Todo bien  403
Todo bien  402
Todo bien  401
Todo bien  400
Todo bien  399
Todo bien  398
Todo bien  397
Todo bien  396
Todo bien  395
Todo bien  394
Todo bien  393
Todo bien  392
Todo bien  391
Todo bien  390
Todo bien  389
Todo bien  388
Todo bien  387
Todo bien  386
Todo bien  385
Todo bien  384
Todo bien  383
Todo bien  382
Todo bien  381
Todo bien  380
Todo bien  379
Todo bien  378
Todo bien  377
Todo bien  376
Todo bien  375
Todo bien  374
Todo bien  373
Todo bien  372
Todo bien  371
Todo bien  370
Todo bien  369
Todo bien  368
Todo bien  367
Todo bien  366
Todo bien  365
Todo bien  364
Todo bien  363
Todo bien  362
Todo bien  361
Todo bien  360
Todo bien  359
Todo bien  358
Todo bien  357
Todo bien  356
Todo bien  355
Todo bien  354
Todo bien  353
Todo bien  352
Todo bien  351
Todo bien  350
Todo bien  349
Todo bien  348
Todo bien  347
Todo bien  346
Todo bien  345
Todo bien  344
Todo bien  343
Todo bien  342
Todo bien  341
Todo bien  340
Todo bien  339
Todo bien  338
Todo bien  337
Todo bien  336
Todo bien  335
Todo bien  334
Todo bien  333
Todo bien  332
Todo bien  331
Todo bien  330
Todo bien  329
Todo bien  328
Todo bien  327
Todo bien  326
Todo bien  325
Todo bien  324
Todo bien  323
Todo bien  322
Todo bien  321
Todo bien  320
Todo bien  319
Todo bien  318
Todo bien  317
Todo bien  316
Todo bien  315
Todo bien  314
Todo bien  313
Todo bien  312
Todo bien  311
Todo bien  310
Todo bien  309
Todo bien  308
Todo bien  307
Todo bien  306
Todo bien  305
Todo bien  304
Todo bien  303
Todo bien  302
Todo bien  301
Todo bien  300
Todo bien  299
Todo bien  298
Todo bien  297
Todo bien  296
Todo bien  295
Todo bien  294
Todo bien  293
Todo bien  292
Todo bien  291
Todo bien  290
Todo bien  289
Todo bien  288
Todo bien  287
Todo bien  286
Todo bien  285
Todo bien  284
Todo bien  283
Todo bien  282
Todo bien  281
Todo bien  280
Todo bien  279
Todo bien  278
Todo bien  277
Todo bien  276
Todo bien  275
Todo bien  274
Todo bien  273
Todo bien  272
Todo bien  271
Todo bien  341
Todo bien  340
Todo bien  339
Todo bien  338
Todo bien  337
Todo bien  336
Todo bien  335
Todo bien  334
Todo bien  333
Todo bien  332
Todo bien  331
Todo bien  330
Todo bien  329
Todo bien  328
Todo bien  327
Todo bien  326
Todo bien  325
Todo bien  324
Todo bien  323
Todo bien  322
Todo bien  321
Todo bien  320
Todo bien  319
Todo bien  318
Todo bien  317
Todo bien  316
Todo bien  315
Todo bien  314
Todo bien  313
Todo bien  312
Todo bien  311
Todo bien  310
Todo bien  309
Todo bien  308
Todo bien  307
Todo bien  306
Todo bien  305
Todo bien  304
Todo bien  303
Todo bien  302
Todo bien  301
Todo bien  300
Todo bien  299
Todo bien  298
Todo bien  297
Todo bien  296
Todo bien  295
Todo bien  294
Todo bien  293
Todo bien  292
Todo bien  291
Todo bien  290
Todo bien  289
Todo bien  288
Todo bien  287
Todo bien  286
Todo bien  285
Todo bien  284
Todo bien  283
Todo bien  282
Todo bien  281
Todo bien  280
Todo bien  279
Todo bien  278
Todo bien  277
Todo bien  276
Todo bien  275
Todo bien  274
Todo bien  273
Todo bien  272
Todo bien  271
Todo bien  270
Todo bien  269
Todo bien  268
Todo bien  267
Todo bien  266
Todo bien  265
Todo bien  264
Todo bien  263
Todo bien  262
Todo bien  261
Todo bien  260
Todo bien  259
Todo bien  258
Todo bien  257
Todo bien  256
Todo bien  255
Todo bien  254
Todo bien  253
Todo bien  252
Todo bien  251
Todo bien  250
Todo bien  249
Todo bien  248
Todo bien  247
Todo bien  246
Todo bien  245
Todo bien  244
Todo bien  243
Todo bien  242
Todo bien  241
Todo bien  240
Todo bien  239
Todo bien  238
Todo bien  237
Todo bien  236
Todo bien  235
Todo bien  234
Todo bien  233
Todo bien  232
Todo bien  231
Todo bien  230
Todo bien  229
Todo bien  228
Todo bien  227
Todo bien  226
Todo bien  225
Todo bien  224
Todo bien  223
Todo bien  222
Todo bien  221
Todo bien  220
Todo bien  219
Todo bien  218
Todo bien  217
Todo bien  216
Todo bien  215
Todo bien  214
Todo bien  213
Todo bien  212
Todo bien  211
Todo bien  210
Todo bien  209
Todo bien  208
Todo bien  207
Todo bien  206
Todo bien  205
Todo bien  204
Todo bien  203
Todo bien  202
Todo bien  201
Todo bien  200
Todo bien  199
Todo bien  198
Todo bien  197
Todo bien  196
Todo bien  195
Todo bien  194
Todo bien  193
Todo bien  192
Todo bien  191
Todo bien  190
Todo bien  189
Todo bien  188
Todo bien  187
Todo bien  186
Todo bien  185
Todo bien  184
Todo bien  183
Todo bien  182
Todo bien  181
Todo bien  180
Todo bien  179
Todo bien  178
Todo bien  177
Todo bien  176
Todo bien  175
Todo bien  174
Todo bien  173
Todo bien  172
Todo bien  171
Todo bien  170
Todo bien  169
Todo bien  168
Todo bien  167
Todo bien  166
Todo bien  165
Todo bien  164
Todo bien  163
Todo bien  162
Todo bien  161
Todo bien  160
Todo bien  159
Todo bien  158
Todo bien  157
Todo bien  156
Todo bien  155
Todo bien  154
Todo bien  153
Todo bien  152
Todo bien  151
Todo bien  150
Todo bien  149
Todo bien  148
Todo bien  147
Todo bien  146
Todo bien  145
Todo bien  144
Todo bien  143
Todo bien  142
Todo bien  141
Todo bien  140
Todo bien  139
Todo bien  138
Todo bien  137
Todo bien  136
Todo bien  135
Todo bien  134
Todo bien  133
Todo bien  132
Todo bien  131
Todo bien  130
Todo bien  129
Todo bien  128
Todo bien  127
Todo bien  126
Todo bien  125
Todo bien  124
Todo bien  123
Todo bien  122
Todo bien  121
Todo bien  120
Todo bien  119
Todo bien  118
Todo bien  117
Todo bien  116
Todo bien  115
Todo bien  114
Todo bien  113
Todo bien  112
Todo bien  111
Todo bien  110
Todo bien  109
Todo bien  108
Todo bien  107
Todo bien  106
Todo bien  105
Todo bien  104
Todo bien  103
Todo bien  102
Todo bien  101
Todo bien  100
Todo bien  99
Todo bien  98
Todo bien  97
Todo bien  96
Todo bien  95
Todo bien  94
Todo bien  93
Todo bien  92
Todo bien  91
Todo bien  90
Todo bien  89
Todo bien  88
Todo bien  87
Todo bien  86
Todo bien  85
Todo bien  84
Todo bien  83
Todo bien  82
Todo bien  81
Todo bien  80
Todo bien  79
Todo bien  78
Todo bien  77
Todo bien  76
Todo bien  75
Todo bien  74
Todo bien  73
Todo bien  72
Todo bien  71
Todo bien  70
Todo bien  69
Todo bien  68
Todo bien  67
Todo bien  66
Todo bien  65
Todo bien  64
Todo bien  63
Todo bien  62
Todo bien  61
Todo bien  60
Todo bien  59
Todo bien  58
Todo bien  57
Todo bien  56
Todo bien  55
Todo bien  54
Todo bien  53
Todo bien  52
Todo bien  51
Todo bien  50
Todo bien  49
Todo bien  48
Todo bien  47
Todo bien  46
Todo bien  45
Todo bien  44
Todo bien  43
Todo bien  42
Todo bien  41
Todo bien  40
Todo bien  39
Todo bien  38
Todo bien  37
Todo bien  36
Todo bien  35
Todo bien  34
Todo bien  33
Todo bien  32
Todo bien  31
Todo bien  30
Todo bien  29
Todo bien  28
Todo bien  27
Todo bien  26
Todo bien  25
Todo bien  24
Todo bien  23
Todo bien  22
Todo bien  21
Todo bien  20
Todo bien  19
Todo bien  18
Todo bien  17
Todo bien  16
Todo bien  15
Todo bien  14
Todo bien  13
Todo bien  12
Todo bien  11
Todo bien  10
Todo bien  9
Todo bien  8
Todo bien  7
Todo bien  6
Todo bien  5
Todo bien  4
Todo bien  3
Todo bien  2
Todo bien  1
Todo bien  480
Enviando datos al servidor, sistema normal
Todo bien  479
Todo bien  478
Todo bien  477
Todo bien  476
Todo bien  475
Todo bien  474
Todo bien  473
Todo bien  472
Todo bien  471
Todo bien  470
Todo bien  469
Todo bien  468
Todo bien  467
Todo bien  466
Todo bien  465
Todo bien  464
Todo bien  463
Todo bien  462
Todo bien  461
Todo bien  460
Todo bien  459
Todo bien  458
Todo bien  457
Todo bien  456
Todo bien  455
Todo bien  454
Todo bien  453
Todo bien  452
Todo bien  451
Todo bien  450
Todo bien  449
Todo bien  448
Todo bien  447
Todo bien  446
Todo bien  445
Todo bien  444
Todo bien  443
Todo bien  442
Todo bien  441
Todo bien  440
Todo bien  439
Todo bien  438
Todo bien  437
Todo bien  436
Todo bien  435
Todo bien  434
Todo bien  433
Todo bien  432
Todo bien  431
Todo bien  430
Todo bien  429
Todo bien  428
Todo bien  427
Todo bien  426
Todo bien  425
Todo bien  424
Todo bien  423
Todo bien  422
Todo bien  421
Todo bien  420
Todo bien  419
Todo bien  418
Todo bien  417
Todo bien  416
Todo bien  415
Todo bien  414
Todo bien  413
Todo bien  412
Todo bien  411
Todo bien  410
Todo bien  409
Todo bien  408
Todo bien  407
Todo bien  406
Todo bien  405
Todo bien  404
Todo bien  403
Todo bien  402
Todo bien  401
Todo bien  400
Todo bien  399
Todo bien  398
Todo bien  397
Todo bien  396
Todo bien  395
Todo bien  394
Todo bien  393
Todo bien  392
Todo bien  391
Todo bien  390
Todo bien  389
Todo bien  388
Todo bien  387
Todo bien  386
Todo bien  385
Todo bien  384
Todo bien  383
Todo bien  382
Todo bien  381
Todo bien  380
Todo bien  379
Todo bien  378
Todo bien  377
Todo bien  376
Todo bien  375
Todo bien  374
Todo bien  373
Todo bien  372
Todo bien  371
Todo bien  370
Todo bien  369
Todo bien  368
Todo bien  367
Todo bien  366
Todo bien  365
Todo bien  364
Todo bien  363
Todo bien  362
Todo bien  361
Todo bien  360
Todo bien  359
Todo bien  358
Todo bien  357
Todo bien  356
Todo bien  355
Todo bien  354
Todo bien  353
Todo bien  352
Todo bien  351
Todo bien  350
Todo bien  349
Todo bien  348
Todo bien  347
Todo bien  346
Todo bien  345
Todo bien  344
Todo bien  343
Todo bien  342
Todo bien  341
Todo bien  340
Todo bien  339
Todo bien  338
Todo bien  337
Todo bien  336
Todo bien  335
Todo bien  334
Todo bien  333
Todo bien  332
Todo bien  331
Todo bien  330
Todo bien  329
Todo bien  328
Todo bien  327
Todo bien  326
Todo bien  325
Todo bien  324
Todo bien  323
Todo bien  322
Todo bien  321
Todo bien  320
Todo bien  319
Todo bien  318
Todo bien  317
Todo bien  316
Todo bien  315
Todo bien  314
Todo bien  313
Todo bien  312
Todo bien  311
Todo bien  310
Todo bien  309
Todo bien  308
Todo bien  307
Todo bien  306
Todo bien  305
Todo bien  304
Todo bien  303
Todo bien  302
Todo bien  301
Todo bien  300
Todo bien  299
Todo bien  298
Todo bien  297
Todo bien  296
Todo bien  295
Todo bien  294
Todo bien  293
Todo bien  292
Todo bien  291
Todo bien  290
Todo bien  289
Todo bien  288
Todo bien  287
Todo bien  286
Todo bien  285
Todo bien  284
Todo bien  283
Todo bien  282
Todo bien  281
Todo bien  280
Todo bien  279
Todo bien  278
Todo bien  277
Todo bien  276
Todo bien  275
Todo bien  274
Todo bien  273
Todo bien  272
Todo bien  271
Todo bien 172.16.19.50 - - [18/Dec/2018 09:59:17] "GET /Sensor HTTP/1.1" 200 -
172.16.19.50 - - [18/Dec/2018 10:28:35] "GET /Sensor HTTP/1.1" 200 -
172.16.19.50 - - [18/Dec/2018 10:29:13] "GET /Sensor HTTP/1.1" 200 -
 * Detected change in '/home/pi/daniel/servidorPI.py', reloading
 270
Todo bien  269
Todo bien  268
Todo bien  267
Todo bien  266
Todo bien  265
Todo bien  264
Todo bien  263
Todo bien  262
Todo bien  261
Todo bien  260
Todo bien  259
Todo bien  258
Todo bien  257
Todo bien  256
Todo bien  255
Todo bien  254
Todo bien  253
Todo bien  252
Todo bien  251
Todo bien  250
Todo bien  249
Todo bien  248
Todo bien  247
Todo bien  246
Todo bien  245
Todo bien  244
Todo bien  243
Todo bien  242
Todo bien  241
Todo bien  240
Todo bien  239
Todo bien  238
Todo bien  237
Todo bien  236
Todo bien  235
Todo bien  234
Todo bien  233
Todo bien  232
Todo bien  231
Todo bien  230
Todo bien  229
Todo bien  228
Todo bien  227
Todo bien  226
Todo bien  225
Todo bien  224
Todo bien  223
Todo bien  222
Todo bien  221
Todo bien  220
Todo bien  219
Todo bien  218
Todo bien  217
Todo bien  216
Todo bien  215
Todo bien  214
Todo bien  213
Todo bien  212
Todo bien  211
Todo bien  210
Todo bien  209
Todo bien  208
Todo bien  207
Todo bien  206
Todo bien  205
Todo bien  204
Todo bien  203
Todo bien  202
Todo bien  201
Todo bien  200
Todo bien  199
Todo bien  198
Todo bien  197
Todo bien  196
Todo bien  195
Todo bien  194
Todo bien  193
Todo bien  192
Todo bien  191
Todo bien  190
Todo bien  189
Todo bien  188
Todo bien  187
Todo bien  186
Todo bien  185
Todo bien  184
Todo bien  183
Todo bien  182
Todo bien  181
Todo bien  180
Todo bien  179
Todo bien  178
Todo bien  177
Todo bien  176
Todo bien  175
Todo bien  174
Todo bien  173
Todo bien  172
Todo bien  171
Todo bien  170
Todo bien  169
Todo bien  168
Todo bien  167
Todo bien  166
Todo bien  165
Todo bien  164
Todo bien  163
Todo bien  162
Todo bien  161
Todo bien  160
Todo bien  159
Todo bien  158
Todo bien  157
Todo bien  156
Todo bien  155
Todo bien  154
Todo bien  153
Todo bien  152
Todo bien  151
Todo bien  150
Todo bien  149
Todo bien  148
Todo bien  147
Todo bien  146
Todo bien  145
Todo bien  144
Todo bien  143
Todo bien  142
Todo bien  141
Todo bien  140
Todo bien  139
Todo bien  138
Todo bien  137
Todo bien  136
Todo bien  135
Todo bien  134
Todo bien  133
Todo bien  132
Todo bien  131
Todo bien  130
Todo bien  129
Todo bien  128
Todo bien  127
Todo bien  126
Todo bien  125
Todo bien  124
Todo bien  123
Todo bien  122
Todo bien  121
Todo bien  120
Todo bien  119
Todo bien  118
Todo bien  117
Todo bien  116
Todo bien  115
Todo bien  114
Todo bien  113
Todo bien  112
Todo bien  111
Todo bien  110
Todo bien  109
Todo bien  108
Todo bien  107
Todo bien  106
Todo bien  105
Todo bien  104
Todo bien  103
Todo bien  102
Todo bien  101
Todo bien  100
Todo bien  99
Todo bien  98
Todo bien  97
Todo bien  96
Todo bien  95
Todo bien  94
Todo bien  93
Todo bien  92
Todo bien  91
Todo bien  90
Todo bien  89
Todo bien  88
Todo bien  87
Todo bien  86
Todo bien  85
Todo bien  84
Todo bien  83
Todo bien  82
Todo bien  81
Todo bien  80
Todo bien  79
Todo bien  78
Todo bien  77
Todo bien  76
Todo bien  75
Todo bien  74
Todo bien  73
Todo bien  72
Todo bien  71
Todo bien  70
Todo bien  69
Todo bien  68
Todo bien  67
Todo bien  66
Todo bien  65
Todo bien  64
Todo bien  63
Todo bien  62
Todo bien  61
Todo bien  60
Todo bien  59
Todo bien  58
Todo bien  57
Todo bien  56
Todo bien  55
Todo bien  54
Todo bien  53
Todo bien  52
Todo bien  51
Todo bien  50
Todo bien  49
Todo bien  48
Todo bien  47
Todo bien  46
Todo bien  45
Todo bien  44
Todo bien  43
Todo bien  42
Todo bien  41
Todo bien  40
Todo bien  39
Todo bien  38
Todo bien  37
Todo bien  36
Todo bien  35
Todo bien  34
Todo bien  33
Todo bien  32
Todo bien  31
Todo bien  30
Todo bien  29
Todo bien  28
Todo bien  27
Todo bien  26
Todo bien  25
Todo bien  24
Todo bien  23
Todo bien  22
Todo bien  21
Todo bien  20
Exception in thread Thread-1:
Traceback (most recent call last):
  File "/usr/lib/python3.5/threading.py", line 914, in _bootstrap_inner
    self.run()
  File "/usr/lib/python3.5/threading.py", line 862, in run
    self._target(*self._args, **self._kwargs)
  File "/home/pi/daniel/perifericos.py", line 36, in HiloSegundoPlano
    alarmado, conteoBien = cicloInfinito(alarmado, conteoBien)
  File "/home/pi/daniel/perifericos.py", line 82, in cicloInfinito
    claseUtil.MostrarLogConsola("Enviando datos al servidor, sistema normal")
TypeError: MostrarLogConsola() takes 1 positional argument but 2 were given

 * Running on http://0.0.0.0:2019/ (Press CTRL+C to quit)
 * Restarting with stat
Exception in thread Thread-1:
Traceback (most recent call last):
  File "/usr/lib/python3.5/threading.py", line 914, in _bootstrap_inner
    self.run()
  File "/usr/lib/python3.5/threading.py", line 862, in run
    self._target(*self._args, **self._kwargs)
  File "/home/pi/daniel/perifericos.py", line 36, in HiloSegundoPlano
    alarmado, conteoBien = cicloInfinito(alarmado, conteoBien)
  File "/home/pi/daniel/perifericos.py", line 82, in cicloInfinito
    claseUtil.MostrarLogConsola("Enviando datos al servidor, sistema normal")
TypeError: MostrarLogConsola() takes 1 positional argument but 2 were given

 * Debugger is active!
 * Debugger pin code: 998-040-054
 * Detected change in '/home/pi/daniel/servidorPI.py', reloading
 * Restarting with stat
Traceback (most recent call last):
  File "servidorPI.py", line 63, in <module>
    claseUtil.MostrarLogConsola("Servidor iniciado")
TypeError: MostrarLogConsola() takes 1 positional argument but 2 were given
Exception in thread Thread-1:
Traceback (most recent call last):
  File "/usr/lib/python3.5/threading.py", line 914, in _bootstrap_inner
    self.run()
  File "/usr/lib/python3.5/threading.py", line 862, in run
    self._target(*self._args, **self._kwargs)
  File "/home/pi/daniel/perifericos.py", line 36, in HiloSegundoPlano
    alarmado, conteoBien = cicloInfinito(alarmado, conteoBien)
  File "/home/pi/daniel/perifericos.py", line 82, in cicloInfinito
    claseUtil.MostrarLogConsola("Enviando datos al servidor, sistema normal")
TypeError: MostrarLogConsola() takes 1 positional argument but 2 were given

Traceback (most recent call last):
  File "servidorPI.py", line 63, in <module>
    claseUtil.MostrarLogConsola("Servidor iniciado")
TypeError: MostrarLogConsola() takes 1 positional argument but 2 were given
Exception in thread Thread-1:
Traceback (most recent call last):
  File "/usr/lib/python3.5/threading.py", line 914, in _bootstrap_inner
    self.run()
  File "/usr/lib/python3.5/threading.py", line 862, in run
    self._target(*self._args, **self._kwargs)
  File "/home/pi/daniel/perifericos.py", line 36, in HiloSegundoPlano
    alarmado, conteoBien = cicloInfinito(alarmado, conteoBien)
  File "/home/pi/daniel/perifericos.py", line 82, in cicloInfinito
    claseUtil.MostrarLogConsola("Enviando datos al servidor, sistema normal")
TypeError: MostrarLogConsola() takes 1 positional argument but 2 were given

Traceback (most recent call last):
  File "servidorPI.py", line 63, in <module>
    claseUtil.MostrarLogConsola("Servidor iniciado")
TypeError: MostrarLogConsola() takes 1 positional argument but 2 were given
Exception in thread Thread-1:
Traceback (most recent call last):
  File "/usr/lib/python3.5/threading.py", line 914, in _bootstrap_inner
    self.run()
  File "/usr/lib/python3.5/threading.py", line 862, in run
    self._target(*self._args, **self._kwargs)
  File "/home/pi/daniel/perifericos.py", line 36, in HiloSegundoPlano
    alarmado, conteoBien = cicloInfinito(alarmado, conteoBien)
  File "/home/pi/daniel/perifericos.py", line 82, in cicloInfinito
    claseUtil.MostrarLogConsola("Enviando datos al servidor, sistema normal")
TypeError: MostrarLogConsola() takes 1 positional argument but 2 were given

sh: 1: cannot create /var/log/senint2.log: Permission denied
sh: 1: cannot create /var/log/senint2.log: Permission denied
 * Running on http://0.0.0.0:2019/ (Press CTRL+C to quit)
 * Restarting with stat
sh: 1: cannot create /var/log/senint2.log: Permission denied
sh: 1: cannot create /var/log/senint2.log: Permission denied
sh: 1: cannot create /var/log/senint2.log: Permission denied
 * Debugger is active!
 * Debugger pin code: 998-040-054
sh: 1: cannot create /var/log/senint2.log: Permission denied
sh: 1: cannot create /var/log/senint2.log: Permission denied
sh: 1: cannot create /var/log/senint2.log: Permission denied
sh: 1: cannot create /var/log/senint2.log: Permission denied
sh: 1: cannot create /var/log/senint2.log: Permission denied
 * Detected change in '/home/pi/daniel/Util.py', reloading
Servidor iniciado
Enviando datos al servidor, sistema normal
Todo bien 479 
Todo bien 478 
Todo bien 477 
sh: 1: cannot create /var/log/senint2.log: Permission denied
sh: 1: cannot create /var/log/senint2.log: Permission denied
sh: 1: cannot create /var/log/senint2.log: Permission denied
sh: 1: cannot create /var/log/senint2.log: Permission denied
sh: 1: cannot create /var/log/senint2.log: Permission denied
sh: 1: cannot create /var/log/senint2.log: Permission denied
sh: 1: cannot create /var/log/senint2.log: Permission denied
sh: 1: cannot create /var/log/senint2.log: Permission denied
sh: 1: cannot create /var/log/senint2.log: Permission denied
sh: 1: cannot create /var/log/senint2.log: Permission denied
 * Running on http://0.0.0.0:2019/ (Press CTRL+C to quit)
 * Restarting with stat
sh: 1: cannot create /var/log/senint2.log: Permission denied
sh: 1: cannot create /var/log/senint2.log: Permission denied
sh: 1: cannot create /var/log/senint2.log: Permission denied
 * Debugger is active!
 * Debugger pin code: 998-040-054
sh: 1: cannot create /var/log/senint2.log: Permission denied
sh: 1: cannot create /var/log/senint2.log: Permission denied
sh: 1: cannot create /var/log/senint2.log: Permission denied
sh: 1: cannot create /var/log/senint2.log: Permission denied
sh: 1: cannot create /var/log/senint2.log: Permission denied
sh: 1: cannot create /var/log/senint2.log: Permission denied
sh: 1: cannot create /var/log/senint2.log: Permission denied
sh: 1: cannot create /var/log/senint2.log: Permission denied
 * Running on http://0.0.0.0:2019/ (Press CTRL+C to quit)
 * Restarting with stat
sh: 1: cannot create /var/log/senint2.log: Permission denied
sh: 1: cannot create /var/log/senint2.log: Permission denied
sh: 1: cannot create /var/log/senint2.log: Permission denied
 * Debugger is active!
 * Debugger pin code: 998-040-054
sh: 1: cannot create /var/log/senint2.log: Permission denied
sh: 1: cannot create /var/log/senint2.log: Permission denied
sh: 1: cannot create /var/log/senint2.log: Permission denied
sh: 1: cannot create /var/log/senint2.log: Permission denied
sh: 1: cannot create /var/log/senint2.log: Permission denied
 * Running on http://0.0.0.0:2019/ (Press CTRL+C to quit)
 * Restarting with stat
sh: 1: cannot create /var/log/senint2.log: Permission denied
sh: 1: cannot create /var/log/senint2.log: Permission denied
sh: 1: cannot create /var/log/senint2.log: Permission denied
 * Debugger is active!
 * Debugger pin code: 998-040-054
sh: 1: cannot create /var/log/senint2.log: Permission denied
sh: 1: cannot create /var/log/senint2.log: Permission denied
sh: 1: cannot create /var/log/senint2.log: Permission denied
sh: 1: cannot create /var/log/senint2.log: Permission denied
sh: 1: cannot create /var/log/senint2.log: Permission denied
 * Detected change in '/home/pi/daniel/perifericos.py', reloading
echo "2018-12-18 11:03:06.632804 --> ******************* Servidor iniciado *******************" >> /var/log/senint2.log 
2018-12-18 11:03:06.632804 --> ******************* Servidor iniciado *******************
echo "2018-12-18 11:03:07.180063 --> Enviando datos al servidor, sistema normal" >> /var/log/senint2.log 
2018-12-18 11:03:07.180063 --> Enviando datos al servidor, sistema normal
echo "2018-12-18 11:03:07.424373 --> Todo bien 479 " >> /var/log/senint2.log 
2018-12-18 11:03:07.424373 --> Todo bien 479 
echo "2018-12-18 11:03:38.006774 --> Todo bien 478 " >> /var/log/senint2.log 
2018-12-18 11:03:38.006774 --> Todo bien 478 
echo "2018-12-18 11:04:08.579937 --> Todo bien 477 " >> /var/log/senint2.log 
2018-12-18 11:04:08.579937 --> Todo bien 477 
sh: 1: cannot create /var/log/senint2.log: Permission denied
sh: 1: cannot create /var/log/senint2.log: Permission denied
sh: 1: cannot create /var/log/senint2.log: Permission denied
sh: 1: cannot create /var/log/senint2.log: Permission denied
sh: 1: cannot create /var/log/senint2.log: Permission denied
 * Running on http://0.0.0.0:2019/ (Press CTRL+C to quit)
 * Restarting with stat
sh: 1: cannot create /var/log/senint2.log: Permission denied
sh: 1: cannot create /var/log/senint2.log: Permission denied
sh: 1: cannot create /var/log/senint2.log: Permission denied
sh: 1: cannot create /var/log/senint2.log: Permission denied
 * Debugger is active!
 * Debugger pin code: 998-040-054
sh: 1: cannot create /var/log/senint2.log: Permission denied
172.16.19.50 - - [18/Dec/2018 11:09:55] "GET /Sensor HTTP/1.1" 200 -
sh: 1: cannot create /var/log/senint2.log: Permission denied
sh: 1: cannot create /var/log/senint2.log: Permission denied
sh: 1: cannot create /var/log/senint2.log: Permission denied
sh: 1: cannot create /var/log/senint2.log: Permission denied
sh: 1: cannot create /var/log/senint2.log: Permission denied
sh: 1: cannot create /var/log/senint2.log: Permission denied
sh: 1: cannot create /var/log/senint2.log: Permission denied
sh: 1: cannot create /var/log/senint2.log: Permission denied
sh: 1: cannot create /var/log/senint2.log: Permission denied
sh: 1: cannot create /var/log/senint2.log: Permission denied
 * Detected change in '/home/pi/daniel/Util.py', reloading
2018-12-18 11:09:46.720761 --> ******************* Perifericos iniciados *******************
2018-12-18 11:09:46.742019 --> ******************* Servidor iniciado *******************
2018-12-18 11:09:47.286862 --> Enviando datos al servidor, sistema normal
2018-12-18 11:09:47.572583 --> Todo bien 479 
2018-12-18 11:10:18.160059 --> Todo bien 478 
2018-12-18 11:10:48.730385 --> Todo bien 477 
2018-12-18 11:11:19.316398 --> Todo bien 476 
2018-12-18 11:11:49.890634 --> Todo bien 475 
2018-12-18 11:12:20.483513 --> Todo bien 474 
sh: 1: cannot create /var/log/senint2.log: Permission denied
sh: 1: cannot create /var/log/senint2.log: Permission denied
sh: 1: cannot create /var/log/senint2.log: Permission denied
sh: 1: cannot create /var/log/senint2.log: Permission denied
sh: 1: cannot create /var/log/senint2.log: Permission denied
 * Running on http://0.0.0.0:2019/ (Press CTRL+C to quit)
 * Restarting with stat
sh: 1: cannot create /var/log/senint2.log: Permission denied
sh: 1: cannot create /var/log/senint2.log: Permission denied
sh: 1: cannot create /var/log/senint2.log: Permission denied
sh: 1: cannot create /var/log/senint2.log: Permission denied
 * Debugger is active!
 * Debugger pin code: 998-040-054
sh: 1: cannot create /var/log/senint2.log: Permission denied
